"Deploying ASA: minimumASA1":
    asset-index: 3
    confirmed-round: 3
    pool-error: ""
    txn:
        sig:
            type: Buffer
            data:
                - 103
                - 16
                - 121
                - 215
                - 64
                - 39
                - 225
                - 26
                - 117
                - 114
                - 113
                - 132
                - 136
                - 243
                - 254
                - 148
                - 199
                - 190
                - 147
                - 191
                - 44
                - 235
                - 22
                - 186
                - 165
                - 183
                - 6
                - 44
                - 233
                - 237
                - 132
                - 25
                - 102
                - 129
                - 28
                - 56
                - 203
                - 156
                - 41
                - 101
                - 176
                - 5
                - 171
                - 150
                - 227
                - 147
                - 241
                - 210
                - 151
                - 146
                - 134
                - 9
                - 230
                - 142
                - 122
                - 139
                - 96
                - 69
                - 181
                - 211
                - 44
                - 59
                - 141
                - 15
        txn:
            apar:
                an: minimumASA1
                t: 1
                un: unitName
            fee: 2270
            fv: 2
            gen: private-v1
            gh:
                type: Buffer
                data:
                    - 91
                    - 15
                    - 108
                    - 249
                    - 126
                    - 21
                    - 206
                    - 91
                    - 226
                    - 149
                    - 135
                    - 191
                    - 12
                    - 145
                    - 10
                    - 102
                    - 247
                    - 139
                    - 221
                    - 128
                    - 156
                    - 56
                    - 251
                    - 165
                    - 125
                    - 2
                    - 212
                    - 5
                    - 32
                    - 14
                    - 140
                    - 78
            lv: 1002
            snd:
                type: Buffer
                data:
                    - 181
                    - 176
                    - 219
                    - 238
                    - 106
                    - 134
                    - 42
                    - 72
                    - 146
                    - 178
                    - 183
                    - 161
                    - 7
                    - 238
                    - 87
                    - 145
                    - 92
                    - 34
                    - 110
                    - 74
                    - 164
                    - 136
                    - 138
                    - 167
                    - 248
                    - 1
                    - 168
                    - 242
                    - 0
                    - 77
                    - 71
                    - 104
            type: acfg
