"Deploying ASA: allFieldASA":
    asset-index: 4
    confirmed-round: 4
    pool-error: ""
    txn:
        sig:
            type: Buffer
            data:
                - 192
                - 102
                - 61
                - 39
                - 214
                - 178
                - 68
                - 131
                - 101
                - 106
                - 5
                - 55
                - 173
                - 209
                - 222
                - 172
                - 249
                - 230
                - 179
                - 158
                - 180
                - 1
                - 63
                - 171
                - 184
                - 210
                - 6
                - 129
                - 78
                - 244
                - 148
                - 132
                - 169
                - 245
                - 248
                - 13
                - 145
                - 109
                - 132
                - 166
                - 254
                - 253
                - 242
                - 84
                - 155
                - 54
                - 212
                - 162
                - 60
                - 12
                - 250
                - 133
                - 10
                - 121
                - 22
                - 182
                - 113
                - 213
                - 194
                - 137
                - 105
                - 188
                - 112
                - 6
        txn:
            apar:
                am:
                    type: Buffer
                    data:
                        - 49
                        - 50
                        - 51
                        - 49
                        - 50
                        - 52
                        - 52
                        - 50
                        - 49
                        - 52
                        - 50
                        - 49
                        - 52
                        - 49
                        - 50
                        - 52
                        - 49
                        - 50
                        - 52
                        - 52
                        - 52
                        - 52
                        - 52
                        - 52
                        - 49
                        - 49
                        - 49
                        - 49
                        - 49
                        - 49
                        - 51
                        - 51
                an: allFieldASA
                au: url
                c:
                    type: Buffer
                    data:
                        - 181
                        - 176
                        - 219
                        - 238
                        - 106
                        - 134
                        - 42
                        - 72
                        - 146
                        - 178
                        - 183
                        - 161
                        - 7
                        - 238
                        - 87
                        - 145
                        - 92
                        - 34
                        - 110
                        - 74
                        - 164
                        - 136
                        - 138
                        - 167
                        - 248
                        - 1
                        - 168
                        - 242
                        - 0
                        - 77
                        - 71
                        - 104
                df: true
                f:
                    type: Buffer
                    data:
                        - 181
                        - 176
                        - 219
                        - 238
                        - 106
                        - 134
                        - 42
                        - 72
                        - 146
                        - 178
                        - 183
                        - 161
                        - 7
                        - 238
                        - 87
                        - 145
                        - 92
                        - 34
                        - 110
                        - 74
                        - 164
                        - 136
                        - 138
                        - 167
                        - 248
                        - 1
                        - 168
                        - 242
                        - 0
                        - 77
                        - 71
                        - 104
                m:
                    type: Buffer
                    data:
                        - 181
                        - 176
                        - 219
                        - 238
                        - 106
                        - 134
                        - 42
                        - 72
                        - 146
                        - 178
                        - 183
                        - 161
                        - 7
                        - 238
                        - 87
                        - 145
                        - 92
                        - 34
                        - 110
                        - 74
                        - 164
                        - 136
                        - 138
                        - 167
                        - 248
                        - 1
                        - 168
                        - 242
                        - 0
                        - 77
                        - 71
                        - 104
                r:
                    type: Buffer
                    data:
                        - 181
                        - 176
                        - 219
                        - 238
                        - 106
                        - 134
                        - 42
                        - 72
                        - 146
                        - 178
                        - 183
                        - 161
                        - 7
                        - 238
                        - 87
                        - 145
                        - 92
                        - 34
                        - 110
                        - 74
                        - 164
                        - 136
                        - 138
                        - 167
                        - 248
                        - 1
                        - 168
                        - 242
                        - 0
                        - 77
                        - 71
                        - 104
                t: 1
                un: unitName
            fee: 4330
            fv: 3
            gen: private-v1
            gh:
                type: Buffer
                data:
                    - 91
                    - 15
                    - 108
                    - 249
                    - 126
                    - 21
                    - 206
                    - 91
                    - 226
                    - 149
                    - 135
                    - 191
                    - 12
                    - 145
                    - 10
                    - 102
                    - 247
                    - 139
                    - 221
                    - 128
                    - 156
                    - 56
                    - 251
                    - 165
                    - 125
                    - 2
                    - 212
                    - 5
                    - 32
                    - 14
                    - 140
                    - 78
            lv: 1003
            note:
                type: Buffer
                data:
                    - 110
                    - 111
                    - 116
                    - 101
                    - 98
                    - 54
                    - 52
            snd:
                type: Buffer
                data:
                    - 181
                    - 176
                    - 219
                    - 238
                    - 106
                    - 134
                    - 42
                    - 72
                    - 146
                    - 178
                    - 183
                    - 161
                    - 7
                    - 238
                    - 87
                    - 145
                    - 92
                    - 34
                    - 110
                    - 74
                    - 164
                    - 136
                    - 138
                    - 167
                    - 248
                    - 1
                    - 168
                    - 242
                    - 0
                    - 77
                    - 71
                    - 104
            type: acfg
