"Deploying ASA: minimumASA":
    asset-index: 2
    confirmed-round: 2
    pool-error: ""
    txn:
        sig:
            type: Buffer
            data:
                - 194
                - 194
                - 236
                - 127
                - 111
                - 25
                - 132
                - 252
                - 142
                - 231
                - 52
                - 224
                - 34
                - 10
                - 175
                - 47
                - 85
                - 13
                - 243
                - 162
                - 158
                - 76
                - 59
                - 175
                - 16
                - 12
                - 162
                - 186
                - 31
                - 63
                - 156
                - 43
                - 98
                - 86
                - 185
                - 7
                - 145
                - 100
                - 178
                - 144
                - 109
                - 56
                - 167
                - 84
                - 176
                - 193
                - 79
                - 202
                - 242
                - 128
                - 36
                - 51
                - 207
                - 117
                - 225
                - 139
                - 79
                - 32
                - 195
                - 66
                - 138
                - 196
                - 197
                - 2
        txn:
            apar:
                an: minimumASA
                t: 1
                un: unitName
            fee: 228000
            fv: 1
            gen: private-v1
            gh:
                type: Buffer
                data:
                    - 91
                    - 15
                    - 108
                    - 249
                    - 126
                    - 21
                    - 206
                    - 91
                    - 226
                    - 149
                    - 135
                    - 191
                    - 12
                    - 145
                    - 10
                    - 102
                    - 247
                    - 139
                    - 221
                    - 128
                    - 156
                    - 56
                    - 251
                    - 165
                    - 125
                    - 2
                    - 212
                    - 5
                    - 32
                    - 14
                    - 140
                    - 78
            lv: 1001
            snd:
                type: Buffer
                data:
                    - 181
                    - 176
                    - 219
                    - 238
                    - 106
                    - 134
                    - 42
                    - 72
                    - 146
                    - 178
                    - 183
                    - 161
                    - 7
                    - 238
                    - 87
                    - 145
                    - 92
                    - 34
                    - 110
                    - 74
                    - 164
                    - 136
                    - 138
                    - 167
                    - 248
                    - 1
                    - 168
                    - 242
                    - 0
                    - 77
                    - 71
                    - 104
            type: acfg
