"Funding Contract: II75XSDNKLRIZ2SNP3S6CAWI7CO2GNB4HSWFRUNL67UUIQ6PPZ3TOSG3BE\nLsig: fee-check.teal":
    confirmed-round: 5
    pool-error: ""
    txn:
        sig:
            type: Buffer
            data:
                - 188
                - 33
                - 191
                - 153
                - 217
                - 222
                - 201
                - 80
                - 27
                - 240
                - 146
                - 188
                - 144
                - 239
                - 96
                - 192
                - 75
                - 36
                - 122
                - 245
                - 182
                - 177
                - 208
                - 16
                - 196
                - 197
                - 27
                - 242
                - 64
                - 126
                - 125
                - 208
                - 129
                - 204
                - 30
                - 37
                - 65
                - 224
                - 232
                - 252
                - 181
                - 242
                - 57
                - 77
                - 65
                - 63
                - 186
                - 139
                - 198
                - 12
                - 40
                - 15
                - 37
                - 17
                - 54
                - 39
                - 158
                - 169
                - 196
                - 34
                - 6
                - 129
                - 175
                - 1
        txn:
            amt: 20000000
            fee: 239000
            fv: 4
            gen: private-v1
            gh:
                type: Buffer
                data:
                    - 91
                    - 15
                    - 108
                    - 249
                    - 126
                    - 21
                    - 206
                    - 91
                    - 226
                    - 149
                    - 135
                    - 191
                    - 12
                    - 145
                    - 10
                    - 102
                    - 247
                    - 139
                    - 221
                    - 128
                    - 156
                    - 56
                    - 251
                    - 165
                    - 125
                    - 2
                    - 212
                    - 5
                    - 32
                    - 14
                    - 140
                    - 78
            lv: 1004
            rcv:
                type: Buffer
                data:
                    - 66
                    - 63
                    - 219
                    - 200
                    - 109
                    - 82
                    - 226
                    - 140
                    - 234
                    - 77
                    - 126
                    - 229
                    - 225
                    - 2
                    - 200
                    - 248
                    - 157
                    - 163
                    - 52
                    - 60
                    - 60
                    - 172
                    - 88
                    - 209
                    - 171
                    - 247
                    - 233
                    - 68
                    - 67
                    - 207
                    - 126
                    - 119
            snd:
                type: Buffer
                data:
                    - 181
                    - 176
                    - 219
                    - 238
                    - 106
                    - 134
                    - 42
                    - 72
                    - 146
                    - 178
                    - 183
                    - 161
                    - 7
                    - 238
                    - 87
                    - 145
                    - 92
                    - 34
                    - 110
                    - 74
                    - 164
                    - 136
                    - 138
                    - 167
                    - 248
                    - 1
                    - 168
                    - 242
                    - 0
                    - 77
                    - 71
                    - 104
            type: pay
