"Funding Contract: GN5VUIE4D7WCYFLZK5LPQCL4Z66Y2RIIVCUG3U7FK4W5TKQSLK2G7V6TGY\nLsig: escrow.py":
    confirmed-round: 6
    pool-error: ""
    txn:
        sig:
            type: Buffer
            data:
                - 233
                - 187
                - 86
                - 36
                - 21
                - 59
                - 219
                - 235
                - 183
                - 192
                - 91
                - 63
                - 149
                - 138
                - 171
                - 80
                - 148
                - 59
                - 150
                - 29
                - 79
                - 17
                - 165
                - 192
                - 126
                - 49
                - 197
                - 95
                - 241
                - 222
                - 29
                - 93
                - 161
                - 178
                - 113
                - 242
                - 16
                - 248
                - 66
                - 177
                - 9
                - 207
                - 191
                - 179
                - 188
                - 38
                - 194
                - 230
                - 31
                - 48
                - 32
                - 146
                - 217
                - 112
                - 19
                - 121
                - 93
                - 7
                - 203
                - 30
                - 169
                - 67
                - 98
                - 6
        txn:
            amt: 20000000
            fee: 239000
            fv: 5
            gen: private-v1
            gh:
                type: Buffer
                data:
                    - 91
                    - 15
                    - 108
                    - 249
                    - 126
                    - 21
                    - 206
                    - 91
                    - 226
                    - 149
                    - 135
                    - 191
                    - 12
                    - 145
                    - 10
                    - 102
                    - 247
                    - 139
                    - 221
                    - 128
                    - 156
                    - 56
                    - 251
                    - 165
                    - 125
                    - 2
                    - 212
                    - 5
                    - 32
                    - 14
                    - 140
                    - 78
            lv: 1005
            rcv:
                type: Buffer
                data:
                    - 51
                    - 123
                    - 90
                    - 32
                    - 156
                    - 31
                    - 236
                    - 44
                    - 21
                    - 121
                    - 87
                    - 86
                    - 248
                    - 9
                    - 124
                    - 207
                    - 189
                    - 141
                    - 69
                    - 8
                    - 168
                    - 168
                    - 109
                    - 211
                    - 229
                    - 87
                    - 45
                    - 217
                    - 170
                    - 18
                    - 90
                    - 180
            snd:
                type: Buffer
                data:
                    - 181
                    - 176
                    - 219
                    - 238
                    - 106
                    - 134
                    - 42
                    - 72
                    - 146
                    - 178
                    - 183
                    - 161
                    - 7
                    - 238
                    - 87
                    - 145
                    - 92
                    - 34
                    - 110
                    - 74
                    - 164
                    - 136
                    - 138
                    - 167
                    - 248
                    - 1
                    - 168
                    - 242
                    - 0
                    - 77
                    - 71
                    - 104
            type: pay
